<?xml version="1.0" encoding="UTF-8"?>
<!-- Generated by org.testng.reporters.JUnitXMLReporter -->
<testsuite ignored="0" hostname="Soham" failures="1" tests="4" name="Test" time="17.473" errors="0" timestamp="2025-02-07T01:50:55 IST">
  <testcase classname="testlistener.LoginTest" name="checkWindowTitle" time="4.037"/>
  <testcase classname="testlistener.LoginTest" name="checkUrl" time="3.474">
    <failure type="java.lang.AssertionError" message="expected [https://katalon-demo-cura.herokuapp.com/] but found [http://www.facebook.com]">
      <![CDATA[java.lang.AssertionError: expected [https://katalon-demo-cura.herokuapp.com/] but found [http://www.facebook.com]
at testlistener.LoginTest.checkUrl(LoginTest.java:66)
at java.base/java.util.ArrayList.forEach(ArrayList.java:1511)
... Removed 33 stack frames]]>
    </failure>
  </testcase> <!-- checkUrl -->
  <testcase classname="testlistener.LoginTest" name="checkHeadingDisplayed" time="4.633"/>
  <testcase classname="testlistener.LoginTest" name="checkMakeAppointemnt" time="0.0">
    <skipped/>
  </testcase> <!-- checkMakeAppointemnt -->
</testsuite> <!-- Test -->
